                                 Started job on |	Aug 06 12:30:31
                             Started mapping on |	Aug 06 12:31:21
                                    Finished on |	Aug 06 12:37:09
       Mapping speed, Million of reads per hour |	224.43

                          Number of input reads |	21695105
                      Average input read length |	300
                                    UNIQUE READS:
                   Uniquely mapped reads number |	18858025
                        Uniquely mapped reads % |	86.92%
                          Average mapped length |	296.89
                       Number of splices: Total |	21128280
            Number of splices: Annotated (sjdb) |	20933208
                       Number of splices: GT/AG |	20933848
                       Number of splices: GC/AG |	152022
                       Number of splices: AT/AC |	22467
               Number of splices: Non-canonical |	19943
                      Mismatch rate per base, % |	0.48%
                         Deletion rate per base |	0.01%
                        Deletion average length |	1.80
                        Insertion rate per base |	0.01%
                       Insertion average length |	1.49
                             MULTI-MAPPING READS:
        Number of reads mapped to multiple loci |	1316322
             % of reads mapped to multiple loci |	6.07%
        Number of reads mapped to too many loci |	12115
             % of reads mapped to too many loci |	0.06%
                                  UNMAPPED READS:
  Number of reads unmapped: too many mismatches |	0
       % of reads unmapped: too many mismatches |	0.00%
            Number of reads unmapped: too short |	1504036
                 % of reads unmapped: too short |	6.93%
                Number of reads unmapped: other |	4607
                     % of reads unmapped: other |	0.02%
                                  CHIMERIC READS:
                       Number of chimeric reads |	0
                            % of chimeric reads |	0.00%
